<?xml version="1.0" encoding="UTF-8"?>
<testng-results skipped="0" failed="0" ignored="0" total="1" passed="1">
  <reporter-output>
  </reporter-output>
  <suite name="Suite" duration-ms="62733" started-at="2020-06-29T17:51:35 EDT" finished-at="2020-06-29T17:52:38 EDT">
    <groups>
    </groups>
    <test name="Test" duration-ms="62733" started-at="2020-06-29T17:51:35 EDT" finished-at="2020-06-29T17:52:38 EDT">
      <class name="DriveFolder.spiceTest">
        <test-method status="PASS" signature="reporting()[pri:0, instance:DriveFolder.spiceTest@35d176f7]" name="reporting" is-config="true" duration-ms="407" started-at="2020-06-29T17:51:35 EDT" finished-at="2020-06-29T17:51:36 EDT">
          <reporter-output>
          </reporter-output>
        </test-method> <!-- reporting -->
        <test-method status="PASS" signature="spicerun()[pri:0, instance:DriveFolder.spiceTest@35d176f7]" name="spicerun" duration-ms="62286" started-at="2020-06-29T17:51:36 EDT" finished-at="2020-06-29T17:52:38 EDT">
          <reporter-output>
          </reporter-output>
        </test-method> <!-- spicerun -->
      </class> <!-- DriveFolder.spiceTest -->
    </test> <!-- Test -->
  </suite> <!-- Suite -->
</testng-results>
